============================= test session starts ==============================
platform linux -- Python 3.10.12, pytest-8.1.1, pluggy-1.6.0 -- /home/ubuntu/Kush-Dental-main/python_backend/venv/bin/python3
cachedir: .pytest_cache
rootdir: /home/ubuntu/Kush-Dental-main/python_backend
plugins: asyncio-0.23.6, anyio-4.15.1
asyncio: mode=strict
collecting ... collected 28 items

tests/test_app.py::test_health_live PASSED                               [  3%]
tests/test_app.py::test_health_ready PASSED                              [  7%]
tests/test_appointment_service.py::test_appointment_creation PASSED      [ 10%]
tests/test_appointment_service.py::test_nonexistent_patient_and_doctor PASSED [ 14%]
tests/test_appointment_service.py::test_overlapping_appointments PASSED  [ 17%]
tests/test_appointment_service.py::test_adjacent_appointments_allowed PASSED [ 21%]
tests/test_appointment_service.py::test_cancelled_appointment_not_blocking PASSED [ 25%]
tests/test_appointment_service.py::test_valid_transitions PASSED         [ 28%]
tests/test_appointment_service.py::test_invalid_and_terminal_transitions PASSED [ 32%]
tests/test_appointment_service.py::test_concurrent_appointment_creation PASSED [ 35%]
tests/test_auth.py::test_login_success FAILED                            [ 39%]
tests/test_auth.py::test_login_invalid_password FAILED                   [ 42%]
tests/test_auth.py::test_csrf_protection_missing_header FAILED           [ 46%]
tests/test_auth.py::test_refresh_token_rotation FAILED                   [ 50%]
tests/test_auth.py::test_rate_limiting FAILED                            [ 53%]
tests/test_config.py::test_settings_loaded PASSED                        [ 57%]
tests/test_database.py::test_database_connection PASSED                  [ 60%]
tests/test_database.py::test_gist_exclusion_constraint PASSED            [ 64%]
tests/test_lead.py::test_lead_lifecycle_and_conversion FAILED            [ 67%]
tests/test_lead.py::test_lead_conversion_phone_conflict 

=================================== FAILURES ===================================
______________________________ test_login_success ______________________________

client = <httpx.AsyncClient object at 0x796e228637c0>
doctor_user = <app.models.User object at 0x796e22862890>
csrf_token = 'test-csrf-token'

    async def test_login_success(client: AsyncClient, doctor_user, csrf_token):
        payload = {"email": doctor_user.email, "password": "pass"}
>       resp = await client.post("/api/v1/auth/login", json=payload, headers={"x-csrf-token": csrf_token, "Cookie": f"csrf_token={csrf_token}"})

tests/test_auth.py:10: 
_ _ _ _ _ _ _ _ _ _ _ _ _ _ _ _ _ _ _ _ _ _ _ _ _ _ _ _ _ _ _ _ _ _ _ _ _ _ _ _ 
venv/lib/python3.10/site-packages/httpx/_client.py:1892: in post
    return await self.request(
venv/lib/python3.10/site-packages/httpx/_client.py:1574: in request
    return await self.send(request, auth=auth, follow_redirects=follow_redirects)
venv/lib/python3.10/site-packages/httpx/_client.py:1661: in send
    response = await self._send_handling_auth(
venv/lib/python3.10/site-packages/httpx/_client.py:1689: in _send_handling_auth
    response = await self._send_handling_redirects(
venv/lib/python3.10/site-packages/httpx/_client.py:1726: in _send_handling_redirects
    response = await self._send_single_request(request)
venv/lib/python3.10/site-packages/httpx/_client.py:1763: in _send_single_request
    response = await transport.handle_async_request(request)
venv/lib/python3.10/site-packages/httpx/_transports/asgi.py:164: in handle_async_request
    await self.app(scope, receive, send)
venv/lib/python3.10/site-packages/fastapi/applications.py:1054: in __call__
    await super().__call__(scope, receive, send)
venv/lib/python3.10/site-packages/starlette/applications.py:123: in __call__
    await self.middleware_stack(scope, receive, send)
venv/lib/python3.10/site-packages/starlette/middleware/errors.py:186: in __call__
    raise exc
venv/lib/python3.10/site-packages/starlette/middleware/errors.py:164: in __call__
    await self.app(scope, receive, _send)
venv/lib/python3.10/site-packages/starlette/middleware/base.py:189: in __call__
    with collapse_excgroups():
/usr/lib/python3.10/contextlib.py:153: in __exit__
    self.gen.throw(typ, value, traceback)
venv/lib/python3.10/site-packages/starlette/_utils.py:93: in collapse_excgroups
    raise exc
venv/lib/python3.10/site-packages/starlette/middleware/base.py:191: in __call__
    response = await self.dispatch_func(request, call_next)
app/main.py:30: in security_headers_and_logging
    response = await call_next(request)
venv/lib/python3.10/site-packages/starlette/middleware/base.py:165: in call_next
    raise app_exc
venv/lib/python3.10/site-packages/starlette/middleware/base.py:151: in coro
    await self.app(scope, receive_or_disconnect, send_no_error)
venv/lib/python3.10/site-packages/starlette/middleware/cors.py:83: in __call__
    await self.app(scope, receive, send)
venv/lib/python3.10/site-packages/starlette/middleware/exceptions.py:62: in __call__
    await wrap_app_handling_exceptions(self.app, conn)(scope, receive, send)
venv/lib/python3.10/site-packages/starlette/_exception_handler.py:64: in wrapped_app
    raise exc
venv/lib/python3.10/site-packages/starlette/_exception_handler.py:53: in wrapped_app
    await app(scope, receive, sender)
venv/lib/python3.10/site-packages/starlette/routing.py:758: in __call__
    await self.middleware_stack(scope, receive, send)
venv/lib/python3.10/site-packages/starlette/routing.py:778: in app
    await route.handle(scope, receive, send)
venv/lib/python3.10/site-packages/starlette/routing.py:299: in handle
    await self.app(scope, receive, send)
venv/lib/python3.10/site-packages/starlette/routing.py:79: in app
    await wrap_app_handling_exceptions(app, request)(scope, receive, send)
venv/lib/python3.10/site-packages/starlette/_exception_handler.py:64: in wrapped_app
    raise exc
venv/lib/python3.10/site-packages/starlette/_exception_handler.py:53: in wrapped_app
    await app(scope, receive, sender)
venv/lib/python3.10/site-packages/starlette/routing.py:74: in app
    response = await func(request)
venv/lib/python3.10/site-packages/fastapi/routing.py:278: in app
    raw_response = await run_endpoint_function(
venv/lib/python3.10/site-packages/fastapi/routing.py:191: in run_endpoint_function
    return await dependant.call(**values)
app/api/v1/auth.py:22: in login
    token_resp, raw_refresh_token = await auth_service.authenticate_user(db, login_req)
app/services/auth_service.py:53: in authenticate_user
    raise e
app/services/auth_service.py:26: in authenticate_user
    if not verify_password(login_req.password, user.passwordHash):
app/utils/security.py:17: in verify_password
    ph.verify(hashed_password, plain_password)
_ _ _ _ _ _ _ _ _ _ _ _ _ _ _ _ _ _ _ _ _ _ _ _ _ _ _ _ _ _ _ _ _ _ _ _ _ _ _ _ 

self = <argon2.PasswordHasher object at 0x796e22c68850>, hash = b'hash'
password = 'pass'

    def verify(
        self, hash: str | bytes, password: str | bytes
    ) -> Literal[True]:
        """
        Verify that *password* matches *hash*.
    
        .. warning::
    
            It is assumed that the caller is in full control of the hash.  No
            other parsing than the determination of the hash type is done by
            *argon2-cffi*.
    
        :param hash: An encoded hash as returned from
            :meth:`PasswordHasher.hash`.
        :type hash: ``bytes`` or ``str``
    
        :param password: The password to verify.
        :type password: ``bytes`` or ``str``
    
        :raises argon2.exceptions.VerifyMismatchError: If verification fails
            because *hash* is not valid for *password*.
        :raises argon2.exceptions.VerificationError: If verification fails for
            other reasons.
        :raises argon2.exceptions.InvalidHashError: If *hash* is so clearly
            invalid, that it couldn't be passed to Argon2.
    
        :return: ``True`` on success, raise
            :exc:`~argon2.exceptions.VerificationError` otherwise.
        :rtype: bool
    
        .. versionchanged:: 16.1.0
            Raise :exc:`~argon2.exceptions.VerifyMismatchError` on mismatches
            instead of its more generic superclass.
        .. versionadded:: 18.2.0 Hash type agility.
        """
        hash = _ensure_bytes(hash, "ascii")
        try:
            hash_type = self._header_to_type[hash[:9]]
        except LookupError:
>           raise InvalidHashError from None
E           argon2.exceptions.InvalidHashError

venv/lib/python3.10/site-packages/argon2/_password_hasher.py:228: InvalidHashError
----------------------------- Captured stdout call -----------------------------
{"level": "info", "msg": "Incoming Request: POST /api/v1/auth/login", "time": "2026-09-21 10:55:51,988", "correlationId": "5dc7c119-cdb5-4eda-8bc3-59de8c25d847"}
{"level": "error", "msg": "Unhandled Error: ", "time": "2026-09-21 10:55:52,054", "correlationId": "5dc7c119-cdb5-4eda-8bc3-59de8c25d847"}
------------------------------ Captured log call -------------------------------
INFO     app:main.py:28 Incoming Request: POST /api/v1/auth/login
ERROR    app:main.py:59 Unhandled Error:
_________________________ test_login_invalid_password __________________________

client = <httpx.AsyncClient object at 0x796e218b3970>
doctor_user = <app.models.User object at 0x796e218b3460>
csrf_token = 'test-csrf-token'

    async def test_login_invalid_password(client: AsyncClient, doctor_user, csrf_token):
        payload = {"email": doctor_user.email, "password": "wrongpassword"}
>       resp = await client.post("/api/v1/auth/login", json=payload, headers={"x-csrf-token": csrf_token, "Cookie": f"csrf_token={csrf_token}"})

tests/test_auth.py:19: 
_ _ _ _ _ _ _ _ _ _ _ _ _ _ _ _ _ _ _ _ _ _ _ _ _ _ _ _ _ _ _ _ _ _ _ _ _ _ _ _ 
venv/lib/python3.10/site-packages/httpx/_client.py:1892: in post
    return await self.request(
venv/lib/python3.10/site-packages/httpx/_client.py:1574: in request
    return await self.send(request, auth=auth, follow_redirects=follow_redirects)
venv/lib/python3.10/site-packages/httpx/_client.py:1661: in send
    response = await self._send_handling_auth(
venv/lib/python3.10/site-packages/httpx/_client.py:1689: in _send_handling_auth
    response = await self._send_handling_redirects(
venv/lib/python3.10/site-packages/httpx/_client.py:1726: in _send_handling_redirects
    response = await self._send_single_request(request)
venv/lib/python3.10/site-packages/httpx/_client.py:1763: in _send_single_request
    response = await transport.handle_async_request(request)
venv/lib/python3.10/site-packages/httpx/_transports/asgi.py:164: in handle_async_request
    await self.app(scope, receive, send)
venv/lib/python3.10/site-packages/fastapi/applications.py:1054: in __call__
    await super().__call__(scope, receive, send)
venv/lib/python3.10/site-packages/starlette/applications.py:123: in __call__
    await self.middleware_stack(scope, receive, send)
venv/lib/python3.10/site-packages/starlette/middleware/errors.py:186: in __call__
    raise exc
venv/lib/python3.10/site-packages/starlette/middleware/errors.py:164: in __call__
    await self.app(scope, receive, _send)
venv/lib/python3.10/site-packages/starlette/middleware/base.py:189: in __call__
    with collapse_excgroups():
/usr/lib/python3.10/contextlib.py:153: in __exit__
    self.gen.throw(typ, value, traceback)
venv/lib/python3.10/site-packages/starlette/_utils.py:93: in collapse_excgroups
    raise exc
venv/lib/python3.10/site-packages/starlette/middleware/base.py:191: in __call__
    response = await self.dispatch_func(request, call_next)
app/main.py:30: in security_headers_and_logging
    response = await call_next(request)
venv/lib/python3.10/site-packages/starlette/middleware/base.py:165: in call_next
    raise app_exc
venv/lib/python3.10/site-packages/starlette/middleware/base.py:151: in coro
    await self.app(scope, receive_or_disconnect, send_no_error)
venv/lib/python3.10/site-packages/starlette/middleware/cors.py:83: in __call__
    await self.app(scope, receive, send)
venv/lib/python3.10/site-packages/starlette/middleware/exceptions.py:62: in __call__
    await wrap_app_handling_exceptions(self.app, conn)(scope, receive, send)
venv/lib/python3.10/site-packages/starlette/_exception_handler.py:64: in wrapped_app
    raise exc
venv/lib/python3.10/site-packages/starlette/_exception_handler.py:53: in wrapped_app
    await app(scope, receive, sender)
venv/lib/python3.10/site-packages/starlette/routing.py:758: in __call__
    await self.middleware_stack(scope, receive, send)
venv/lib/python3.10/site-packages/starlette/routing.py:778: in app
    await route.handle(scope, receive, send)
venv/lib/python3.10/site-packages/starlette/routing.py:299: in handle
    await self.app(scope, receive, send)
venv/lib/python3.10/site-packages/starlette/routing.py:79: in app
    await wrap_app_handling_exceptions(app, request)(scope, receive, send)
venv/lib/python3.10/site-packages/starlette/_exception_handler.py:64: in wrapped_app
    raise exc
venv/lib/python3.10/site-packages/starlette/_exception_handler.py:53: in wrapped_app
    await app(scope, receive, sender)
venv/lib/python3.10/site-packages/starlette/routing.py:74: in app
    response = await func(request)
venv/lib/python3.10/site-packages/fastapi/routing.py:278: in app
    raw_response = await run_endpoint_function(
venv/lib/python3.10/site-packages/fastapi/routing.py:191: in run_endpoint_function
    return await dependant.call(**values)
app/api/v1/auth.py:22: in login
    token_resp, raw_refresh_token = await auth_service.authenticate_user(db, login_req)
app/services/auth_service.py:53: in authenticate_user
    raise e
app/services/auth_service.py:26: in authenticate_user
    if not verify_password(login_req.password, user.passwordHash):
app/utils/security.py:17: in verify_password
    ph.verify(hashed_password, plain_password)
_ _ _ _ _ _ _ _ _ _ _ _ _ _ _ _ _ _ _ _ _ _ _ _ _ _ _ _ _ _ _ _ _ _ _ _ _ _ _ _ 

self = <argon2.PasswordHasher object at 0x796e22c68850>, hash = b'hash'
password = 'wrongpassword'

    def verify(
        self, hash: str | bytes, password: str | bytes
    ) -> Literal[True]:
        """
        Verify that *password* matches *hash*.
    
        .. warning::
    
            It is assumed that the caller is in full control of the hash.  No
            other parsing than the determination of the hash type is done by
            *argon2-cffi*.
    
        :param hash: An encoded hash as returned from
            :meth:`PasswordHasher.hash`.
        :type hash: ``bytes`` or ``str``
    
        :param password: The password to verify.
        :type password: ``bytes`` or ``str``
    
        :raises argon2.exceptions.VerifyMismatchError: If verification fails
            because *hash* is not valid for *password*.
        :raises argon2.exceptions.VerificationError: If verification fails for
            other reasons.
        :raises argon2.exceptions.InvalidHashError: If *hash* is so clearly
            invalid, that it couldn't be passed to Argon2.
    
        :return: ``True`` on success, raise
            :exc:`~argon2.exceptions.VerificationError` otherwise.
        :rtype: bool
    
        .. versionchanged:: 16.1.0
            Raise :exc:`~argon2.exceptions.VerifyMismatchError` on mismatches
            instead of its more generic superclass.
        .. versionadded:: 18.2.0 Hash type agility.
        """
        hash = _ensure_bytes(hash, "ascii")
        try:
            hash_type = self._header_to_type[hash[:9]]
        except LookupError:
>           raise InvalidHashError from None
E           argon2.exceptions.InvalidHashError

venv/lib/python3.10/site-packages/argon2/_password_hasher.py:228: InvalidHashError
----------------------------- Captured stdout call -----------------------------
{"level": "info", "msg": "Incoming Request: POST /api/v1/auth/login", "time": "2026-09-21 10:55:52,330", "correlationId": "f9eec63e-820b-4452-855f-0879e737319d"}
{"level": "error", "msg": "Unhandled Error: ", "time": "2026-09-21 10:55:52,334", "correlationId": "f9eec63e-820b-4452-855f-0879e737319d"}
------------------------------ Captured log call -------------------------------
INFO     app:main.py:28 Incoming Request: POST /api/v1/auth/login
ERROR    app:main.py:59 Unhandled Error:
_____________________ test_csrf_protection_missing_header ______________________

client = <httpx.AsyncClient object at 0x796e21b9c640>
doctor_user = <app.models.User object at 0x796e21b9c670>

    async def test_csrf_protection_missing_header(client: AsyncClient, doctor_user):
        payload = {"email": doctor_user.email, "password": "pass"}
        # Missing x-csrf-token header
>       resp = await client.post("/api/v1/auth/login", json=payload, cookies={"csrf_token": "test-token"})

tests/test_auth.py:25: 
_ _ _ _ _ _ _ _ _ _ _ _ _ _ _ _ _ _ _ _ _ _ _ _ _ _ _ _ _ _ _ _ _ _ _ _ _ _ _ _ 
venv/lib/python3.10/site-packages/httpx/_client.py:1892: in post
    return await self.request(
venv/lib/python3.10/site-packages/httpx/_client.py:1574: in request
    return await self.send(request, auth=auth, follow_redirects=follow_redirects)
venv/lib/python3.10/site-packages/httpx/_client.py:1661: in send
    response = await self._send_handling_auth(
venv/lib/python3.10/site-packages/httpx/_client.py:1689: in _send_handling_auth
    response = await self._send_handling_redirects(
venv/lib/python3.10/site-packages/httpx/_client.py:1726: in _send_handling_redirects
    response = await self._send_single_request(request)
venv/lib/python3.10/site-packages/httpx/_client.py:1763: in _send_single_request
    response = await transport.handle_async_request(request)
venv/lib/python3.10/site-packages/httpx/_transports/asgi.py:164: in handle_async_request
    await self.app(scope, receive, send)
venv/lib/python3.10/site-packages/fastapi/applications.py:1054: in __call__
    await super().__call__(scope, receive, send)
venv/lib/python3.10/site-packages/starlette/applications.py:123: in __call__
    await self.middleware_stack(scope, receive, send)
venv/lib/python3.10/site-packages/starlette/middleware/errors.py:186: in __call__
    raise exc
venv/lib/python3.10/site-packages/starlette/middleware/errors.py:164: in __call__
    await self.app(scope, receive, _send)
venv/lib/python3.10/site-packages/starlette/middleware/base.py:189: in __call__
    with collapse_excgroups():
/usr/lib/python3.10/contextlib.py:153: in __exit__
    self.gen.throw(typ, value, traceback)
venv/lib/python3.10/site-packages/starlette/_utils.py:93: in collapse_excgroups
    raise exc
venv/lib/python3.10/site-packages/starlette/middleware/base.py:191: in __call__
    response = await self.dispatch_func(request, call_next)
app/main.py:30: in security_headers_and_logging
    response = await call_next(request)
venv/lib/python3.10/site-packages/starlette/middleware/base.py:165: in call_next
    raise app_exc
venv/lib/python3.10/site-packages/starlette/middleware/base.py:151: in coro
    await self.app(scope, receive_or_disconnect, send_no_error)
venv/lib/python3.10/site-packages/starlette/middleware/cors.py:83: in __call__
    await self.app(scope, receive, send)
venv/lib/python3.10/site-packages/starlette/middleware/exceptions.py:62: in __call__
    await wrap_app_handling_exceptions(self.app, conn)(scope, receive, send)
venv/lib/python3.10/site-packages/starlette/_exception_handler.py:64: in wrapped_app
    raise exc
venv/lib/python3.10/site-packages/starlette/_exception_handler.py:53: in wrapped_app
    await app(scope, receive, sender)
venv/lib/python3.10/site-packages/starlette/routing.py:758: in __call__
    await self.middleware_stack(scope, receive, send)
venv/lib/python3.10/site-packages/starlette/routing.py:778: in app
    await route.handle(scope, receive, send)
venv/lib/python3.10/site-packages/starlette/routing.py:299: in handle
    await self.app(scope, receive, send)
venv/lib/python3.10/site-packages/starlette/routing.py:79: in app
    await wrap_app_handling_exceptions(app, request)(scope, receive, send)
venv/lib/python3.10/site-packages/starlette/_exception_handler.py:64: in wrapped_app
    raise exc
venv/lib/python3.10/site-packages/starlette/_exception_handler.py:53: in wrapped_app
    await app(scope, receive, sender)
venv/lib/python3.10/site-packages/starlette/routing.py:74: in app
    response = await func(request)
venv/lib/python3.10/site-packages/fastapi/routing.py:278: in app
    raw_response = await run_endpoint_function(
venv/lib/python3.10/site-packages/fastapi/routing.py:191: in run_endpoint_function
    return await dependant.call(**values)
app/api/v1/auth.py:22: in login
    token_resp, raw_refresh_token = await auth_service.authenticate_user(db, login_req)
app/services/auth_service.py:53: in authenticate_user
    raise e
app/services/auth_service.py:26: in authenticate_user
    if not verify_password(login_req.password, user.passwordHash):
app/utils/security.py:17: in verify_password
    ph.verify(hashed_password, plain_password)
_ _ _ _ _ _ _ _ _ _ _ _ _ _ _ _ _ _ _ _ _ _ _ _ _ _ _ _ _ _ _ _ _ _ _ _ _ _ _ _ 

self = <argon2.PasswordHasher object at 0x796e22c68850>, hash = b'hash'
password = 'pass'

    def verify(
        self, hash: str | bytes, password: str | bytes
    ) -> Literal[True]:
        """
        Verify that *password* matches *hash*.
    
        .. warning::
    
            It is assumed that the caller is in full control of the hash.  No
            other parsing than the determination of the hash type is done by
            *argon2-cffi*.
    
        :param hash: An encoded hash as returned from
            :meth:`PasswordHasher.hash`.
        :type hash: ``bytes`` or ``str``
    
        :param password: The password to verify.
        :type password: ``bytes`` or ``str``
    
        :raises argon2.exceptions.VerifyMismatchError: If verification fails
            because *hash* is not valid for *password*.
        :raises argon2.exceptions.VerificationError: If verification fails for
            other reasons.
        :raises argon2.exceptions.InvalidHashError: If *hash* is so clearly
            invalid, that it couldn't be passed to Argon2.
    
        :return: ``True`` on success, raise
            :exc:`~argon2.exceptions.VerificationError` otherwise.
        :rtype: bool
    
        .. versionchanged:: 16.1.0
            Raise :exc:`~argon2.exceptions.VerifyMismatchError` on mismatches
            instead of its more generic superclass.
        .. versionadded:: 18.2.0 Hash type agility.
        """
        hash = _ensure_bytes(hash, "ascii")
        try:
            hash_type = self._header_to_type[hash[:9]]
        except LookupError:
>           raise InvalidHashError from None
E           argon2.exceptions.InvalidHashError

venv/lib/python3.10/site-packages/argon2/_password_hasher.py:228: InvalidHashError
----------------------------- Captured stdout call -----------------------------
{"level": "info", "msg": "Incoming Request: POST /api/v1/auth/login", "time": "2026-09-21 10:55:52,631", "correlationId": "d90f1e82-5ea8-41c3-87f3-34e457a9ecf4"}
{"level": "error", "msg": "Unhandled Error: ", "time": "2026-09-21 10:55:52,636", "correlationId": "d90f1e82-5ea8-41c3-87f3-34e457a9ecf4"}
------------------------------ Captured log call -------------------------------
INFO     app:main.py:28 Incoming Request: POST /api/v1/auth/login
ERROR    app:main.py:59 Unhandled Error:
_________________________ test_refresh_token_rotation __________________________

client = <httpx.AsyncClient object at 0x796e219084f0>
doctor_user = <app.models.User object at 0x796e21909930>
csrf_token = 'test-csrf-token'

    async def test_refresh_token_rotation(client: AsyncClient, doctor_user, csrf_token):
        # Login
        payload = {"email": doctor_user.email, "password": "pass"}
>       resp = await client.post("/api/v1/auth/login", json=payload, headers={"x-csrf-token": csrf_token, "Cookie": f"csrf_token={csrf_token}"})

tests/test_auth.py:31: 
_ _ _ _ _ _ _ _ _ _ _ _ _ _ _ _ _ _ _ _ _ _ _ _ _ _ _ _ _ _ _ _ _ _ _ _ _ _ _ _ 
venv/lib/python3.10/site-packages/httpx/_client.py:1892: in post
    return await self.request(
venv/lib/python3.10/site-packages/httpx/_client.py:1574: in request
    return await self.send(request, auth=auth, follow_redirects=follow_redirects)
venv/lib/python3.10/site-packages/httpx/_client.py:1661: in send
    response = await self._send_handling_auth(
venv/lib/python3.10/site-packages/httpx/_client.py:1689: in _send_handling_auth
    response = await self._send_handling_redirects(
venv/lib/python3.10/site-packages/httpx/_client.py:1726: in _send_handling_redirects
    response = await self._send_single_request(request)
venv/lib/python3.10/site-packages/httpx/_client.py:1763: in _send_single_request
    response = await transport.handle_async_request(request)
venv/lib/python3.10/site-packages/httpx/_transports/asgi.py:164: in handle_async_request
    await self.app(scope, receive, send)
venv/lib/python3.10/site-packages/fastapi/applications.py:1054: in __call__
    await super().__call__(scope, receive, send)
venv/lib/python3.10/site-packages/starlette/applications.py:123: in __call__
    await self.middleware_stack(scope, receive, send)
venv/lib/python3.10/site-packages/starlette/middleware/errors.py:186: in __call__
    raise exc
venv/lib/python3.10/site-packages/starlette/middleware/errors.py:164: in __call__
    await self.app(scope, receive, _send)
venv/lib/python3.10/site-packages/starlette/middleware/base.py:189: in __call__
    with collapse_excgroups():
/usr/lib/python3.10/contextlib.py:153: in __exit__
    self.gen.throw(typ, value, traceback)
venv/lib/python3.10/site-packages/starlette/_utils.py:93: in collapse_excgroups
    raise exc
venv/lib/python3.10/site-packages/starlette/middleware/base.py:191: in __call__
    response = await self.dispatch_func(request, call_next)
app/main.py:30: in security_headers_and_logging
    response = await call_next(request)
venv/lib/python3.10/site-packages/starlette/middleware/base.py:165: in call_next
    raise app_exc
venv/lib/python3.10/site-packages/starlette/middleware/base.py:151: in coro
    await self.app(scope, receive_or_disconnect, send_no_error)
venv/lib/python3.10/site-packages/starlette/middleware/cors.py:83: in __call__
    await self.app(scope, receive, send)
venv/lib/python3.10/site-packages/starlette/middleware/exceptions.py:62: in __call__
    await wrap_app_handling_exceptions(self.app, conn)(scope, receive, send)
venv/lib/python3.10/site-packages/starlette/_exception_handler.py:64: in wrapped_app
    raise exc
venv/lib/python3.10/site-packages/starlette/_exception_handler.py:53: in wrapped_app
    await app(scope, receive, sender)
venv/lib/python3.10/site-packages/starlette/routing.py:758: in __call__
    await self.middleware_stack(scope, receive, send)
venv/lib/python3.10/site-packages/starlette/routing.py:778: in app
    await route.handle(scope, receive, send)
venv/lib/python3.10/site-packages/starlette/routing.py:299: in handle
    await self.app(scope, receive, send)
venv/lib/python3.10/site-packages/starlette/routing.py:79: in app
    await wrap_app_handling_exceptions(app, request)(scope, receive, send)
venv/lib/python3.10/site-packages/starlette/_exception_handler.py:64: in wrapped_app
    raise exc
venv/lib/python3.10/site-packages/starlette/_exception_handler.py:53: in wrapped_app
    await app(scope, receive, sender)
venv/lib/python3.10/site-packages/starlette/routing.py:74: in app
    response = await func(request)
venv/lib/python3.10/site-packages/fastapi/routing.py:278: in app
    raw_response = await run_endpoint_function(
venv/lib/python3.10/site-packages/fastapi/routing.py:191: in run_endpoint_function
    return await dependant.call(**values)
app/api/v1/auth.py:22: in login
    token_resp, raw_refresh_token = await auth_service.authenticate_user(db, login_req)
app/services/auth_service.py:53: in authenticate_user
    raise e
app/services/auth_service.py:26: in authenticate_user
    if not verify_password(login_req.password, user.passwordHash):
app/utils/security.py:17: in verify_password
    ph.verify(hashed_password, plain_password)
_ _ _ _ _ _ _ _ _ _ _ _ _ _ _ _ _ _ _ _ _ _ _ _ _ _ _ _ _ _ _ _ _ _ _ _ _ _ _ _ 

self = <argon2.PasswordHasher object at 0x796e22c68850>, hash = b'hash'
password = 'pass'

    def verify(
        self, hash: str | bytes, password: str | bytes
    ) -> Literal[True]:
        """
        Verify that *password* matches *hash*.
    
        .. warning::
    
            It is assumed that the caller is in full control of the hash.  No
            other parsing than the determination of the hash type is done by
            *argon2-cffi*.
    
        :param hash: An encoded hash as returned from
            :meth:`PasswordHasher.hash`.
        :type hash: ``bytes`` or ``str``
    
        :param password: The password to verify.
        :type password: ``bytes`` or ``str``
    
        :raises argon2.exceptions.VerifyMismatchError: If verification fails
            because *hash* is not valid for *password*.
        :raises argon2.exceptions.VerificationError: If verification fails for
            other reasons.
        :raises argon2.exceptions.InvalidHashError: If *hash* is so clearly
            invalid, that it couldn't be passed to Argon2.
    
        :return: ``True`` on success, raise
            :exc:`~argon2.exceptions.VerificationError` otherwise.
        :rtype: bool
    
        .. versionchanged:: 16.1.0
            Raise :exc:`~argon2.exceptions.VerifyMismatchError` on mismatches
            instead of its more generic superclass.
        .. versionadded:: 18.2.0 Hash type agility.
        """
        hash = _ensure_bytes(hash, "ascii")
        try:
            hash_type = self._header_to_type[hash[:9]]
        except LookupError:
>           raise InvalidHashError from None
E           argon2.exceptions.InvalidHashError

venv/lib/python3.10/site-packages/argon2/_password_hasher.py:228: InvalidHashError
----------------------------- Captured stdout call -----------------------------
{"level": "info", "msg": "Incoming Request: POST /api/v1/auth/login", "time": "2026-09-21 10:55:52,942", "correlationId": "10181312-f55b-4c5b-b3ec-0aa116ca2dd8"}
{"level": "error", "msg": "Unhandled Error: ", "time": "2026-09-21 10:55:52,947", "correlationId": "10181312-f55b-4c5b-b3ec-0aa116ca2dd8"}
------------------------------ Captured log call -------------------------------
INFO     app:main.py:28 Incoming Request: POST /api/v1/auth/login
ERROR    app:main.py:59 Unhandled Error:
______________________________ test_rate_limiting ______________________________

client = <httpx.AsyncClient object at 0x796e21bcf850>
doctor_user = <app.models.User object at 0x796e21bcf1c0>
csrf_token = 'test-csrf-token'

    async def test_rate_limiting(client: AsyncClient, doctor_user, csrf_token):
        # Make multiple requests rapidly
        payload = {"email": doctor_user.email, "password": "wrongpassword"}
        for _ in range(6):
>           resp = await client.post("/api/v1/auth/login", json=payload, headers={"x-csrf-token": csrf_token, "Cookie": f"csrf_token={csrf_token}"})

tests/test_auth.py:50: 
_ _ _ _ _ _ _ _ _ _ _ _ _ _ _ _ _ _ _ _ _ _ _ _ _ _ _ _ _ _ _ _ _ _ _ _ _ _ _ _ 
venv/lib/python3.10/site-packages/httpx/_client.py:1892: in post
    return await self.request(
venv/lib/python3.10/site-packages/httpx/_client.py:1574: in request
    return await self.send(request, auth=auth, follow_redirects=follow_redirects)
venv/lib/python3.10/site-packages/httpx/_client.py:1661: in send
    response = await self._send_handling_auth(
venv/lib/python3.10/site-packages/httpx/_client.py:1689: in _send_handling_auth
    response = await self._send_handling_redirects(
venv/lib/python3.10/site-packages/httpx/_client.py:1726: in _send_handling_redirects
    response = await self._send_single_request(request)
venv/lib/python3.10/site-packages/httpx/_client.py:1763: in _send_single_request
    response = await transport.handle_async_request(request)
venv/lib/python3.10/site-packages/httpx/_transports/asgi.py:164: in handle_async_request
    await self.app(scope, receive, send)
venv/lib/python3.10/site-packages/fastapi/applications.py:1054: in __call__
    await super().__call__(scope, receive, send)
venv/lib/python3.10/site-packages/starlette/applications.py:123: in __call__
    await self.middleware_stack(scope, receive, send)
venv/lib/python3.10/site-packages/starlette/middleware/errors.py:186: in __call__
    raise exc
venv/lib/python3.10/site-packages/starlette/middleware/errors.py:164: in __call__
    await self.app(scope, receive, _send)
venv/lib/python3.10/site-packages/starlette/middleware/base.py:189: in __call__
    with collapse_excgroups():
/usr/lib/python3.10/contextlib.py:153: in __exit__
    self.gen.throw(typ, value, traceback)
venv/lib/python3.10/site-packages/starlette/_utils.py:93: in collapse_excgroups
    raise exc
venv/lib/python3.10/site-packages/starlette/middleware/base.py:191: in __call__
    response = await self.dispatch_func(request, call_next)
app/main.py:30: in security_headers_and_logging
    response = await call_next(request)
venv/lib/python3.10/site-packages/starlette/middleware/base.py:165: in call_next
    raise app_exc
venv/lib/python3.10/site-packages/starlette/middleware/base.py:151: in coro
    await self.app(scope, receive_or_disconnect, send_no_error)
venv/lib/python3.10/site-packages/starlette/middleware/cors.py:83: in __call__
    await self.app(scope, receive, send)
venv/lib/python3.10/site-packages/starlette/middleware/exceptions.py:62: in __call__
    await wrap_app_handling_exceptions(self.app, conn)(scope, receive, send)
venv/lib/python3.10/site-packages/starlette/_exception_handler.py:64: in wrapped_app
    raise exc
venv/lib/python3.10/site-packages/starlette/_exception_handler.py:53: in wrapped_app
    await app(scope, receive, sender)
venv/lib/python3.10/site-packages/starlette/routing.py:758: in __call__
    await self.middleware_stack(scope, receive, send)
venv/lib/python3.10/site-packages/starlette/routing.py:778: in app
    await route.handle(scope, receive, send)
venv/lib/python3.10/site-packages/starlette/routing.py:299: in handle
    await self.app(scope, receive, send)
venv/lib/python3.10/site-packages/starlette/routing.py:79: in app
    await wrap_app_handling_exceptions(app, request)(scope, receive, send)
venv/lib/python3.10/site-packages/starlette/_exception_handler.py:64: in wrapped_app
    raise exc
venv/lib/python3.10/site-packages/starlette/_exception_handler.py:53: in wrapped_app
    await app(scope, receive, sender)
venv/lib/python3.10/site-packages/starlette/routing.py:74: in app
    response = await func(request)
venv/lib/python3.10/site-packages/fastapi/routing.py:278: in app
    raw_response = await run_endpoint_function(
venv/lib/python3.10/site-packages/fastapi/routing.py:191: in run_endpoint_function
    return await dependant.call(**values)
app/api/v1/auth.py:22: in login
    token_resp, raw_refresh_token = await auth_service.authenticate_user(db, login_req)
app/services/auth_service.py:53: in authenticate_user
    raise e
app/services/auth_service.py:26: in authenticate_user
    if not verify_password(login_req.password, user.passwordHash):
app/utils/security.py:17: in verify_password
    ph.verify(hashed_password, plain_password)
_ _ _ _ _ _ _ _ _ _ _ _ _ _ _ _ _ _ _ _ _ _ _ _ _ _ _ _ _ _ _ _ _ _ _ _ _ _ _ _ 

self = <argon2.PasswordHasher object at 0x796e22c68850>, hash = b'hash'
password = 'wrongpassword'

    def verify(
        self, hash: str | bytes, password: str | bytes
    ) -> Literal[True]:
        """
        Verify that *password* matches *hash*.
    
        .. warning::
    
            It is assumed that the caller is in full control of the hash.  No
            other parsing than the determination of the hash type is done by
            *argon2-cffi*.
    
        :param hash: An encoded hash as returned from
            :meth:`PasswordHasher.hash`.
        :type hash: ``bytes`` or ``str``
    
        :param password: The password to verify.
        :type password: ``bytes`` or ``str``
    
        :raises argon2.exceptions.VerifyMismatchError: If verification fails
            because *hash* is not valid for *password*.
        :raises argon2.exceptions.VerificationError: If verification fails for
            other reasons.
        :raises argon2.exceptions.InvalidHashError: If *hash* is so clearly
            invalid, that it couldn't be passed to Argon2.
    
        :return: ``True`` on success, raise
            :exc:`~argon2.exceptions.VerificationError` otherwise.
        :rtype: bool
    
        .. versionchanged:: 16.1.0
            Raise :exc:`~argon2.exceptions.VerifyMismatchError` on mismatches
            instead of its more generic superclass.
        .. versionadded:: 18.2.0 Hash type agility.
        """
        hash = _ensure_bytes(hash, "ascii")
        try:
            hash_type = self._header_to_type[hash[:9]]
        except LookupError:
>           raise InvalidHashError from None
E           argon2.exceptions.InvalidHashError

venv/lib/python3.10/site-packages/argon2/_password_hasher.py:228: InvalidHashError
----------------------------- Captured stdout call -----------------------------
{"level": "info", "msg": "Incoming Request: POST /api/v1/auth/login", "time": "2026-09-21 10:55:53,194", "correlationId": "253ae686-c4fc-4a22-a992-d09a0b3b02f6"}
{"level": "error", "msg": "Unhandled Error: ", "time": "2026-09-21 10:55:53,199", "correlationId": "253ae686-c4fc-4a22-a992-d09a0b3b02f6"}
------------------------------ Captured log call -------------------------------
INFO     app:main.py:28 Incoming Request: POST /api/v1/auth/login
ERROR    app:main.py:59 Unhandled Error:
______________________ test_lead_lifecycle_and_conversion ______________________

self = <sqlalchemy.dialects.postgresql.asyncpg.AsyncAdapt_asyncpg_cursor object at 0x796e2189d600>
operation = 'INSERT INTO "Lead" (id, name, phone, email, status, notes, "createdAt", "updatedAt", "deletedAt") VALUES ($1::UUID, $...::"LeadStatus", $6::VARCHAR, $7::TIMESTAMP WITH TIME ZONE, $8::TIMESTAMP WITH TIME ZONE, $9::TIMESTAMP WITH TIME ZONE)'
parameters = (UUID('589dfffc-d181-4382-93c8-3093a33836b7'), 'John Doe', '+1234567890', 'john@test.com', 'NEW', 'Interested in implants', ...)

    async def _prepare_and_execute(self, operation, parameters):
        adapt_connection = self._adapt_connection
    
        async with adapt_connection._execute_mutex:
            if not adapt_connection._started:
                await adapt_connection._start_transaction()
    
            if parameters is None:
                parameters = ()
    
            try:
>               prepared_stmt, attributes = await adapt_connection._prepare(
                    operation, self._invalidate_schema_cache_asof
                )

venv/lib/python3.10/site-packages/sqlalchemy/dialects/postgresql/asyncpg.py:514: 
_ _ _ _ _ _ _ _ _ _ _ _ _ _ _ _ _ _ _ _ _ _ _ _ _ _ _ _ _ _ _ _ _ _ _ _ _ _ _ _ 
venv/lib/python3.10/site-packages/sqlalchemy/dialects/postgresql/asyncpg.py:765: in _prepare
    prepared_stmt = await self._connection.prepare(
venv/lib/python3.10/site-packages/asyncpg/connection.py:636: in prepare
    return await self._prepare(
venv/lib/python3.10/site-packages/asyncpg/connection.py:654: in _prepare
    stmt = await self._get_statement(
venv/lib/python3.10/site-packages/asyncpg/connection.py:433: in _get_statement
    statement = await self._protocol.prepare(
_ _ _ _ _ _ _ _ _ _ _ _ _ _ _ _ _ _ _ _ _ _ _ _ _ _ _ _ _ _ _ _ _ _ _ _ _ _ _ _ 

>   ???
E   asyncpg.exceptions.UndefinedTableError: relation "Lead" does not exist

asyncpg/protocol/protocol.pyx:166: UndefinedTableError

The above exception was the direct cause of the following exception:

self = <sqlalchemy.engine.base.Connection object at 0x796e21dc6fe0>
dialect = <sqlalchemy.dialects.postgresql.asyncpg.PGDialect_asyncpg object at 0x796e2290c460>
context = <sqlalchemy.dialects.postgresql.asyncpg.PGExecutionContext_asyncpg object at 0x796e219123b0>
statement = <sqlalchemy.dialects.postgresql.asyncpg.PGCompiler_asyncpg object at 0x796e21dc7370>
parameters = [(UUID('589dfffc-d181-4382-93c8-3093a33836b7'), 'John Doe', '+1234567890', 'john@test.com', 'NEW', 'Interested in implants', ...)]

    def _exec_single_context(
        self,
        dialect: Dialect,
        context: ExecutionContext,
        statement: Union[str, Compiled],
        parameters: Optional[_AnyMultiExecuteParams],
    ) -> CursorResult[Any]:
        """continue the _execute_context() method for a single DBAPI
        cursor.execute() or cursor.executemany() call.
    
        """
        if dialect.bind_typing is BindTyping.SETINPUTSIZES:
            generic_setinputsizes = context._prepare_set_input_sizes()
    
            if generic_setinputsizes:
                try:
                    dialect.do_set_input_sizes(
                        context.cursor, generic_setinputsizes, context
                    )
                except BaseException as e:
                    self._handle_dbapi_exception(
                        e, str(statement), parameters, None, context
                    )
    
        cursor, str_statement, parameters = (
            context.cursor,
            context.statement,
            context.parameters,
        )
    
        effective_parameters: Optional[_AnyExecuteParams]
    
        if not context.executemany:
            effective_parameters = parameters[0]
        else:
            effective_parameters = parameters
    
        if self._has_events or self.engine._has_events:
            for fn in self.dispatch.before_cursor_execute:
                str_statement, effective_parameters = fn(
                    self,
                    cursor,
                    str_statement,
                    effective_parameters,
                    context,
                    context.executemany,
                )
    
        if self._echo:
            self._log_info(str_statement)
    
            stats = context._get_cache_stats()
    
            if not self.engine.hide_parameters:
                self._log_info(
                    "[%s] %r",
                    stats,
                    sql_util._repr_params(
                        effective_parameters,
                        batches=10,
                        ismulti=context.executemany,
                    ),
                )
            else:
                self._log_info(
                    "[%s] [SQL parameters hidden due to hide_parameters=True]",
                    stats,
                )
    
        evt_handled: bool = False
        try:
            if context.execute_style is ExecuteStyle.EXECUTEMANY:
                effective_parameters = cast(
                    "_CoreMultiExecuteParams", effective_parameters
                )
                if self.dialect._has_events:
                    for fn in self.dialect.dispatch.do_executemany:
                        if fn(
                            cursor,
                            str_statement,
                            effective_parameters,
                            context,
                        ):
                            evt_handled = True
                            break
                if not evt_handled:
                    self.dialect.do_executemany(
                        cursor,
                        str_statement,
                        effective_parameters,
                        context,
                    )
            elif not effective_parameters and context.no_parameters:
                if self.dialect._has_events:
                    for fn in self.dialect.dispatch.do_execute_no_params:
                        if fn(cursor, str_statement, context):
                            evt_handled = True
                            break
                if not evt_handled:
                    self.dialect.do_execute_no_params(
                        cursor, str_statement, context
                    )
            else:
                effective_parameters = cast(
                    "_CoreSingleExecuteParams", effective_parameters
                )
                if self.dialect._has_events:
                    for fn in self.dialect.dispatch.do_execute:
                        if fn(
                            cursor,
                            str_statement,
                            effective_parameters,
                            context,
                        ):
                            evt_handled = True
                            break
                if not evt_handled:
>                   self.dialect.do_execute(
                        cursor, str_statement, effective_parameters, context
                    )

venv/lib/python3.10/site-packages/sqlalchemy/engine/base.py:1971: 
_ _ _ _ _ _ _ _ _ _ _ _ _ _ _ _ _ _ _ _ _ _ _ _ _ _ _ _ _ _ _ _ _ _ _ _ _ _ _ _ 
venv/lib/python3.10/site-packages/sqlalchemy/engine/default.py:919: in do_execute
    cursor.execute(statement, parameters)
venv/lib/python3.10/site-packages/sqlalchemy/dialects/postgresql/asyncpg.py:572: in execute
    self._adapt_connection.await_(
venv/lib/python3.10/site-packages/sqlalchemy/util/_concurrency_py3k.py:131: in await_only
    return current.driver.switch(awaitable)  # type: ignore[no-any-return]
venv/lib/python3.10/site-packages/sqlalchemy/util/_concurrency_py3k.py:196: in greenlet_spawn
    value = await result
venv/lib/python3.10/site-packages/sqlalchemy/dialects/postgresql/asyncpg.py:550: in _prepare_and_execute
    self._handle_exception(error)
venv/lib/python3.10/site-packages/sqlalchemy/dialects/postgresql/asyncpg.py:501: in _handle_exception
    self._adapt_connection._handle_exception(error)
_ _ _ _ _ _ _ _ _ _ _ _ _ _ _ _ _ _ _ _ _ _ _ _ _ _ _ _ _ _ _ _ _ _ _ _ _ _ _ _ 

self = <AdaptedConnection <asyncpg.connection.Connection object at 0x796e22c95d50>>
error = UndefinedTableError('relation "Lead" does not exist')

    def _handle_exception(self, error):
        if self._connection.is_closed():
            self._transaction = None
            self._started = False
    
        if not isinstance(error, AsyncAdapt_asyncpg_dbapi.Error):
            exception_mapping = self.dbapi._asyncpg_error_translate
    
            for super_ in type(error).__mro__:
                if super_ in exception_mapping:
                    translated_error = exception_mapping[super_](
                        "%s: %s" % (type(error), error)
                    )
                    translated_error.pgcode = translated_error.sqlstate = (
                        getattr(error, "sqlstate", None)
                    )
>                   raise translated_error from error
E                   sqlalchemy.dialects.postgresql.asyncpg.AsyncAdapt_asyncpg_dbapi.ProgrammingError: <class 'asyncpg.exceptions.UndefinedTableError'>: relation "Lead" does not exist

venv/lib/python3.10/site-packages/sqlalchemy/dialects/postgresql/asyncpg.py:789: ProgrammingError

The above exception was the direct cause of the following exception:

client = <httpx.AsyncClient object at 0x796e21dc54e0>
doctor_auth_headers = {'Authorization': 'Bearer eyJhbGciOiJIUzI1NiIsInR5cCI6IkpXVCJ9.eyJzdWIiOiIyOWFhNjQ1MC01Yzk3LTQxYjItOWRmMi0wZTNkYzJmZjU...gS5Zs3DhvHC_MxyIaKkYqNvrMkctEczq7M6YPVXaDs', 'Cookie': 'csrf_token=test-csrf-token', 'x-csrf-token': 'test-csrf-token'}

    async def test_lead_lifecycle_and_conversion(client: AsyncClient, doctor_auth_headers: dict):
        # Create Lead
        payload = {
            "name": "John Doe",
            "phone": "+1234567890",
            "email": "john@test.com",
            "notes": "Interested in implants"
        }
>       response = await client.post("/api/v1/leads", json=payload, headers=doctor_auth_headers)

tests/test_lead.py:17: 
_ _ _ _ _ _ _ _ _ _ _ _ _ _ _ _ _ _ _ _ _ _ _ _ _ _ _ _ _ _ _ _ _ _ _ _ _ _ _ _ 
venv/lib/python3.10/site-packages/httpx/_client.py:1892: in post
    return await self.request(
venv/lib/python3.10/site-packages/httpx/_client.py:1574: in request
    return await self.send(request, auth=auth, follow_redirects=follow_redirects)
venv/lib/python3.10/site-packages/httpx/_client.py:1661: in send
    response = await self._send_handling_auth(
venv/lib/python3.10/site-packages/httpx/_client.py:1689: in _send_handling_auth
    response = await self._send_handling_redirects(
venv/lib/python3.10/site-packages/httpx/_client.py:1726: in _send_handling_redirects
    response = await self._send_single_request(request)
venv/lib/python3.10/site-packages/httpx/_client.py:1763: in _send_single_request
    response = await transport.handle_async_request(request)
venv/lib/python3.10/site-packages/httpx/_transports/asgi.py:164: in handle_async_request
    await self.app(scope, receive, send)
venv/lib/python3.10/site-packages/fastapi/applications.py:1054: in __call__
    await super().__call__(scope, receive, send)
venv/lib/python3.10/site-packages/starlette/applications.py:123: in __call__
    await self.middleware_stack(scope, receive, send)
venv/lib/python3.10/site-packages/starlette/middleware/errors.py:186: in __call__
    raise exc
venv/lib/python3.10/site-packages/starlette/middleware/errors.py:164: in __call__
    await self.app(scope, receive, _send)
venv/lib/python3.10/site-packages/starlette/middleware/base.py:189: in __call__
    with collapse_excgroups():
/usr/lib/python3.10/contextlib.py:153: in __exit__
    self.gen.throw(typ, value, traceback)
venv/lib/python3.10/site-packages/starlette/_utils.py:93: in collapse_excgroups
    raise exc
venv/lib/python3.10/site-packages/starlette/middleware/base.py:191: in __call__
    response = await self.dispatch_func(request, call_next)
app/main.py:30: in security_headers_and_logging
    response = await call_next(request)
venv/lib/python3.10/site-packages/starlette/middleware/base.py:165: in call_next
    raise app_exc
venv/lib/python3.10/site-packages/starlette/middleware/base.py:151: in coro
    await self.app(scope, receive_or_disconnect, send_no_error)
venv/lib/python3.10/site-packages/starlette/middleware/cors.py:83: in __call__
    await self.app(scope, receive, send)
venv/lib/python3.10/site-packages/starlette/middleware/exceptions.py:62: in __call__
    await wrap_app_handling_exceptions(self.app, conn)(scope, receive, send)
venv/lib/python3.10/site-packages/starlette/_exception_handler.py:64: in wrapped_app
    raise exc
venv/lib/python3.10/site-packages/starlette/_exception_handler.py:53: in wrapped_app
    await app(scope, receive, sender)
venv/lib/python3.10/site-packages/starlette/routing.py:758: in __call__
    await self.middleware_stack(scope, receive, send)
venv/lib/python3.10/site-packages/starlette/routing.py:778: in app
    await route.handle(scope, receive, send)
venv/lib/python3.10/site-packages/starlette/routing.py:299: in handle
    await self.app(scope, receive, send)
venv/lib/python3.10/site-packages/starlette/routing.py:79: in app
    await wrap_app_handling_exceptions(app, request)(scope, receive, send)
venv/lib/python3.10/site-packages/starlette/_exception_handler.py:64: in wrapped_app
    raise exc
venv/lib/python3.10/site-packages/starlette/_exception_handler.py:53: in wrapped_app
    await app(scope, receive, sender)
venv/lib/python3.10/site-packages/starlette/routing.py:74: in app
    response = await func(request)
venv/lib/python3.10/site-packages/fastapi/routing.py:278: in app
    raw_response = await run_endpoint_function(
venv/lib/python3.10/site-packages/fastapi/routing.py:191: in run_endpoint_function
    return await dependant.call(**values)
app/api/v1/leads.py:22: in create_lead
    return await lead_service.create_lead(db, lead_data)
app/services/lead_service.py:17: in create_lead
    raise e
app/services/lead_service.py:12: in create_lead
    lead = await lead_repo.create(db, lead_data)
app/repositories/lead_repo.py:33: in create
    await db.flush()
venv/lib/python3.10/site-packages/sqlalchemy/ext/asyncio/session.py:800: in flush
    await greenlet_spawn(self.sync_session.flush, objects=objects)
venv/lib/python3.10/site-packages/sqlalchemy/util/_concurrency_py3k.py:203: in greenlet_spawn
    result = context.switch(value)
venv/lib/python3.10/site-packages/sqlalchemy/orm/session.py:4296: in flush
    self._flush(objects)
venv/lib/python3.10/site-packages/sqlalchemy/orm/session.py:4431: in _flush
    with util.safe_reraise():
venv/lib/python3.10/site-packages/sqlalchemy/util/langhelpers.py:146: in __exit__
    raise exc_value.with_traceback(exc_tb)
venv/lib/python3.10/site-packages/sqlalchemy/orm/session.py:4392: in _flush
    flush_context.execute()
venv/lib/python3.10/site-packages/sqlalchemy/orm/unitofwork.py:466: in execute
    rec.execute(self)
venv/lib/python3.10/site-packages/sqlalchemy/orm/unitofwork.py:642: in execute
    util.preloaded.orm_persistence.save_obj(
venv/lib/python3.10/site-packages/sqlalchemy/orm/persistence.py:93: in save_obj
    _emit_insert_statements(
venv/lib/python3.10/site-packages/sqlalchemy/orm/persistence.py:1233: in _emit_insert_statements
    result = connection.execute(
venv/lib/python3.10/site-packages/sqlalchemy/engine/base.py:1422: in execute
    return meth(
venv/lib/python3.10/site-packages/sqlalchemy/sql/elements.py:514: in _execute_on_connection
    return connection._execute_clauseelement(
venv/lib/python3.10/site-packages/sqlalchemy/engine/base.py:1644: in _execute_clauseelement
    ret = self._execute_context(
venv/lib/python3.10/site-packages/sqlalchemy/engine/base.py:1850: in _execute_context
    return self._exec_single_context(
venv/lib/python3.10/site-packages/sqlalchemy/engine/base.py:1990: in _exec_single_context
    self._handle_dbapi_exception(
venv/lib/python3.10/site-packages/sqlalchemy/engine/base.py:2357: in _handle_dbapi_exception
    raise sqlalchemy_exception.with_traceback(exc_info[2]) from e
venv/lib/python3.10/site-packages/sqlalchemy/engine/base.py:1971: in _exec_single_context
    self.dialect.do_execute(
venv/lib/python3.10/site-packages/sqlalchemy/engine/default.py:919: in do_execute
    cursor.execute(statement, parameters)
venv/lib/python3.10/site-packages/sqlalchemy/dialects/postgresql/asyncpg.py:572: in execute
    self._adapt_connection.await_(
venv/lib/python3.10/site-packages/sqlalchemy/util/_concurrency_py3k.py:131: in await_only
    return current.driver.switch(awaitable)  # type: ignore[no-any-return]
venv/lib/python3.10/site-packages/sqlalchemy/util/_concurrency_py3k.py:196: in greenlet_spawn
    value = await result
venv/lib/python3.10/site-packages/sqlalchemy/dialects/postgresql/asyncpg.py:550: in _prepare_and_execute
    self._handle_exception(error)
venv/lib/python3.10/site-packages/sqlalchemy/dialects/postgresql/asyncpg.py:501: in _handle_exception
    self._adapt_connection._handle_exception(error)
_ _ _ _ _ _ _ _ _ _ _ _ _ _ _ _ _ _ _ _ _ _ _ _ _ _ _ _ _ _ _ _ _ _ _ _ _ _ _ _ 

self = <AdaptedConnection <asyncpg.connection.Connection object at 0x796e22c95d50>>
error = UndefinedTableError('relation "Lead" does not exist')

    def _handle_exception(self, error):
        if self._connection.is_closed():
            self._transaction = None
            self._started = False
    
        if not isinstance(error, AsyncAdapt_asyncpg_dbapi.Error):
            exception_mapping = self.dbapi._asyncpg_error_translate
    
            for super_ in type(error).__mro__:
                if super_ in exception_mapping:
                    translated_error = exception_mapping[super_](
                        "%s: %s" % (type(error), error)
                    )
                    translated_error.pgcode = translated_error.sqlstate = (
                        getattr(error, "sqlstate", None)
                    )
>                   raise translated_error from error
E                   sqlalchemy.exc.ProgrammingError: (sqlalchemy.dialects.postgresql.asyncpg.ProgrammingError) <class 'asyncpg.exceptions.UndefinedTableError'>: relation "Lead" does not exist
E                   [SQL: INSERT INTO "Lead" (id, name, phone, email, status, notes, "createdAt", "updatedAt", "deletedAt") VALUES ($1::UUID, $2::VARCHAR, $3::VARCHAR, $4::VARCHAR, $5::"LeadStatus", $6::VARCHAR, $7::TIMESTAMP WITH TIME ZONE, $8::TIMESTAMP WITH TIME ZONE, $9::TIMESTAMP WITH TIME ZONE)]
E                   [parameters: (UUID('589dfffc-d181-4382-93c8-3093a33836b7'), 'John Doe', '+1234567890', 'john@test.com', 'NEW', 'Interested in implants', datetime.datetime(2026, 9, 21, 10, 55, 53, 527527, tzinfo=datetime.timezone.utc), datetime.datetime(2026, 9, 21, 10, 55, 53, 527530, tzinfo=datetime.timezone.utc), None)]
E                   (Background on this error at: https://sqlalche.me/e/20/f405)

venv/lib/python3.10/site-packages/sqlalchemy/dialects/postgresql/asyncpg.py:789: ProgrammingError
----------------------------- Captured stdout call -----------------------------
{"level": "info", "msg": "Incoming Request: POST /api/v1/leads", "time": "2026-09-21 10:55:53,521", "correlationId": "47d490db-11e5-467a-80f8-21c2bf7bb46a"}
{"level": "error", "msg": "Unhandled Error: (sqlalchemy.dialects.postgresql.asyncpg.ProgrammingError) <class 'asyncpg.exceptions.UndefinedTableError'>: relation \"Lead\" does not exist\n[SQL: INSERT INTO \"Lead\" (id, name, phone, email, status, notes, \"createdAt\", \"updatedAt\", \"deletedAt\") VALUES ($1::UUID, $2::VARCHAR, $3::VARCHAR, $4::VARCHAR, $5::\"LeadStatus\", $6::VARCHAR, $7::TIMESTAMP WITH TIME ZONE, $8::TIMESTAMP WITH TIME ZONE, $9::TIMESTAMP WITH TIME ZONE)]\n[parameters: (UUID('589dfffc-d181-4382-93c8-3093a33836b7'), 'John Doe', '+1234567890', 'john@test.com', 'NEW', 'Interested in implants', datetime.datetime(2026, 9, 21, 10, 55, 53, 527527, tzinfo=datetime.timezone.utc), datetime.datetime(2026, 9, 21, 10, 55, 53, 527530, tzinfo=datetime.timezone.utc), None)]\n(Background on this error at: https://sqlalche.me/e/20/f405)", "time": "2026-09-21 10:55:53,531", "correlationId": "47d490db-11e5-467a-80f8-21c2bf7bb46a"}
------------------------------ Captured log call -------------------------------
INFO     app:main.py:28 Incoming Request: POST /api/v1/leads
ERROR    app:main.py:59 Unhandled Error: (sqlalchemy.dialects.postgresql.asyncpg.ProgrammingError) <class 'asyncpg.exceptions.UndefinedTableError'>: relation "Lead" does not exist
[SQL: INSERT INTO "Lead" (id, name, phone, email, status, notes, "createdAt", "updatedAt", "deletedAt") VALUES ($1::UUID, $2::VARCHAR, $3::VARCHAR, $4::VARCHAR, $5::"LeadStatus", $6::VARCHAR, $7::TIMESTAMP WITH TIME ZONE, $8::TIMESTAMP WITH TIME ZONE, $9::TIMESTAMP WITH TIME ZONE)]
[parameters: (UUID('589dfffc-d181-4382-93c8-3093a33836b7'), 'John Doe', '+1234567890', 'john@test.com', 'NEW', 'Interested in implants', datetime.datetime(2026, 9, 21, 10, 55, 53, 527527, tzinfo=datetime.timezone.utc), datetime.datetime(2026, 9, 21, 10, 55, 53, 527530, tzinfo=datetime.timezone.utc), None)]
(Background on this error at: https://sqlalche.me/e/20/f405)
=============================== warnings summary ===============================
venv/lib/python3.10/site-packages/starlette/testclient.py:41
  /home/ubuntu/Kush-Dental-main/python_backend/venv/lib/python3.10/site-packages/starlette/testclient.py:41: DeprecationWarning: The anyio.abc.BlockingPortal alias is deprecated, use anyio.from_thread.BlockingPortal instead.
    [], typing.ContextManager[anyio.abc.BlockingPortal]

tests/test_app.py::test_health_live
  /home/ubuntu/Kush-Dental-main/python_backend/venv/lib/python3.10/site-packages/pytest_asyncio/plugin.py:759: DeprecationWarning: The event_loop fixture provided by pytest-asyncio has been redefined in
  /home/ubuntu/Kush-Dental-main/python_backend/tests/conftest.py:43
  Replacing the event_loop fixture with a custom implementation is deprecated
  and will lead to errors in the future.
  If you want to request an asyncio event loop with a scope other than function
  scope, use the "scope" argument to the asyncio mark when marking the tests.
  If you want to return different types of event loops, use the event_loop_policy
  fixture.
  
    warnings.warn(

tests/test_auth.py::test_csrf_protection_missing_header
  /home/ubuntu/Kush-Dental-main/python_backend/venv/lib/python3.10/site-packages/httpx/_client.py:1559: DeprecationWarning: Setting per-request cookies=<...> is being deprecated, because the expected behaviour on cookie persistence is ambiguous. Set cookies directly on the client instance instead.
    warnings.warn(message, DeprecationWarning)

-- Docs: https://docs.pytest.org/en/stable/how-to/capture-warnings.html
=========================== short test summary info ============================
FAILED tests/test_auth.py::test_login_success - argon2.exceptions.InvalidHash...
FAILED tests/test_auth.py::test_login_invalid_password - argon2.exceptions.In...
FAILED tests/test_auth.py::test_csrf_protection_missing_header - argon2.excep...
FAILED tests/test_auth.py::test_refresh_token_rotation - argon2.exceptions.In...
FAILED tests/test_auth.py::test_rate_limiting - argon2.exceptions.InvalidHash...
FAILED tests/test_lead.py::test_lead_lifecycle_and_conversion - sqlalchemy.ex...
!!!!!!!!!!!!!!!!!!!!!!!!!!!!!! KeyboardInterrupt !!!!!!!!!!!!!!!!!!!!!!!!!!!!!!!
/usr/lib/python3.10/ast.py:50: KeyboardInterrupt
(to show a full traceback on KeyboardInterrupt use --full-trace)
=================== 6 failed, 13 passed, 3 warnings in 3.88s ===================
