============================= test session starts ==============================
platform linux -- Python 3.10.12, pytest-8.1.1, pluggy-1.6.0
rootdir: /home/ubuntu/Kush-Dental-main/python_backend
plugins: asyncio-0.23.6, anyio-4.15.1
asyncio: mode=strict
collected 29 items

tests/test_app.py ..                                                     [  6%]
tests/test_appointment_service.py ........                               [ 34%]
tests/test_auth.py ....

=============================== warnings summary ===============================
venv/lib/python3.10/site-packages/starlette/testclient.py:41
  /home/ubuntu/Kush-Dental-main/python_backend/venv/lib/python3.10/site-packages/starlette/testclient.py:41: DeprecationWarning: The anyio.abc.BlockingPortal alias is deprecated, use anyio.from_thread.BlockingPortal instead.
    [], typing.ContextManager[anyio.abc.BlockingPortal]

tests/test_app.py::test_health_live
  /home/ubuntu/Kush-Dental-main/python_backend/venv/lib/python3.10/site-packages/pytest_asyncio/plugin.py:759: DeprecationWarning: The event_loop fixture provided by pytest-asyncio has been redefined in
  /home/ubuntu/Kush-Dental-main/python_backend/tests/conftest.py:43
  Replacing the event_loop fixture with a custom implementation is deprecated
  and will lead to errors in the future.
  If you want to request an asyncio event loop with a scope other than function
  scope, use the "scope" argument to the asyncio mark when marking the tests.
  If you want to return different types of event loops, use the event_loop_policy
  fixture.
  
    warnings.warn(

tests/test_auth.py::test_csrf_protection_missing_header
tests/test_auth.py::test_refresh_token_rotation
tests/test_auth.py::test_refresh_token_rotation
  /home/ubuntu/Kush-Dental-main/python_backend/venv/lib/python3.10/site-packages/httpx/_client.py:1559: DeprecationWarning: Setting per-request cookies=<...> is being deprecated, because the expected behaviour on cookie persistence is ambiguous. Set cookies directly on the client instance instead.
    warnings.warn(message, DeprecationWarning)

-- Docs: https://docs.pytest.org/en/stable/how-to/capture-warnings.html
!!!!!!!!!!!!!!!!!!!!!!!!!!!!!! KeyboardInterrupt !!!!!!!!!!!!!!!!!!!!!!!!!!!!!!!
/usr/lib/python3.10/selectors.py:469: KeyboardInterrupt
(to show a full traceback on KeyboardInterrupt use --full-trace)
======================= 14 passed, 5 warnings in 31.80s ========================
